<?xml version="1.0" encoding="utf-8"?><testsuites><testsuite errors="0" failures="0" hostname="192.168.0.101" name="pytest" skipped="0" tests="0" time="0.008" timestamp="2019-12-22T17:59:16.098726"></testsuite></testsuites>